<?xml version="1.0" encoding="UTF-8"?>
<testsuite name="com.jg.voicenote.core.database.ExampleUnitTest" tests="1" skipped="0" failures="0" errors="0" timestamp="2025-08-20T02:24:16.124Z" hostname="ijung-geun-ui-MacBookAir.local" time="0.002">
  <properties/>
  <testcase name="addition_isCorrect" classname="com.jg.voicenote.core.database.ExampleUnitTest" time="0.002"/>
  <system-out><![CDATA[]]></system-out>
  <system-err><![CDATA[]]></system-err>
</testsuite>
