<?xml version="1.0" encoding="UTF-8"?>
<testsuite name="com.jg.voicenote.feature.voice.ExampleUnitTest" tests="1" skipped="0" failures="0" errors="0" timestamp="2025-08-20T02:25:44.804Z" hostname="ijung-geun-ui-MacBookAir.local" time="0.001">
  <properties/>
  <testcase name="addition_isCorrect" classname="com.jg.voicenote.feature.voice.ExampleUnitTest" time="0.001"/>
  <system-out><![CDATA[]]></system-out>
  <system-err><![CDATA[]]></system-err>
</testsuite>
